<?xml version="1.0" encoding="UTF-8"?>
<!-- Generated by org.testng.reporters.JUnitXMLReporter -->
<testsuite ignored="0" hostname="LAPTOP-OIQQGHKO" failures="0" tests="4" name="Run tests" time="3.6" errors="0" timestamp="2023-05-07T21:44:32 IST">
  <testcase classname="Day8.Createuser" name="test_createuser" time="2.576"/>
  <testcase classname="Day8.Getuser" name="test_getuser" time="0.348"/>
  <testcase classname="Day8.updateuser" name="test_updateuser" time="0.328"/>
  <testcase classname="Day8.deleteuser" name="test_deleteuser" time="0.291"/>
</testsuite> <!-- Run tests -->
