<?xml version="1.0" encoding="UTF-8"?>
<testng-results ignored="0" total="4" passed="4" failed="0" skipped="0">
  <reporter-output>
  </reporter-output>
  <suite started-at="2023-05-07T21:44:28 IST" name="Rest Assured Automation Suite test" finished-at="2023-05-07T21:44:32 IST" duration-ms="3600">
    <groups>
    </groups>
    <test started-at="2023-05-07T21:44:28 IST" name="Run tests" finished-at="2023-05-07T21:44:32 IST" duration-ms="3600">
      <class name="Day8.Getuser">
        <test-method signature="test_getuser(org.testng.ITestContext)[pri:0, instance:Day8.Getuser@70e8f8e]" started-at="2023-05-07T21:44:31 IST" name="test_getuser" finished-at="2023-05-07T21:44:31 IST" duration-ms="348" status="PASS">
          <params>
            <param index="0">
              <value>
                <![CDATA[org.testng.TestRunner@54d9d12d]]>
              </value>
            </param>
          </params>
          <reporter-output>
          </reporter-output>
        </test-method> <!-- test_getuser -->
      </class> <!-- Day8.Getuser -->
      <class name="Day8.Createuser">
        <test-method signature="test_createuser(org.testng.ITestContext)[pri:0, instance:Day8.Createuser@4c9f8c13]" started-at="2023-05-07T21:44:28 IST" name="test_createuser" finished-at="2023-05-07T21:44:31 IST" duration-ms="2576" status="PASS">
          <params>
            <param index="0">
              <value>
                <![CDATA[org.testng.TestRunner@54d9d12d]]>
              </value>
            </param>
          </params>
          <reporter-output>
          </reporter-output>
        </test-method> <!-- test_createuser -->
      </class> <!-- Day8.Createuser -->
      <class name="Day8.deleteuser">
        <test-method signature="test_deleteuser(org.testng.ITestContext)[pri:0, instance:Day8.deleteuser@5bd03f44]" started-at="2023-05-07T21:44:32 IST" name="test_deleteuser" finished-at="2023-05-07T21:44:32 IST" duration-ms="291" status="PASS">
          <params>
            <param index="0">
              <value>
                <![CDATA[org.testng.TestRunner@54d9d12d]]>
              </value>
            </param>
          </params>
          <reporter-output>
          </reporter-output>
        </test-method> <!-- test_deleteuser -->
      </class> <!-- Day8.deleteuser -->
      <class name="Day8.updateuser">
        <test-method signature="test_updateuser(org.testng.ITestContext)[pri:0, instance:Day8.updateuser@17046283]" started-at="2023-05-07T21:44:31 IST" name="test_updateuser" finished-at="2023-05-07T21:44:32 IST" duration-ms="328" status="PASS">
          <params>
            <param index="0">
              <value>
                <![CDATA[org.testng.TestRunner@54d9d12d]]>
              </value>
            </param>
          </params>
          <reporter-output>
          </reporter-output>
        </test-method> <!-- test_updateuser -->
      </class> <!-- Day8.updateuser -->
    </test> <!-- Run tests -->
  </suite> <!-- Rest Assured Automation Suite test -->
</testng-results>
