<?xml version="1.0" encoding="UTF-8"?>
<!-- Generated by org.testng.reporters.JUnitReportReporter -->
<testsuite hostname="LAPTOP-OIQQGHKO" failures="0" tests="4" name="Day1.httpRequests" time="7.378" errors="0" timestamp="2023-04-11T23:59:40 IST" skipped="0">
  <testcase classname="Day1.httpRequests" name="deleteUser" time="0.532"/>
  <system-out/>
  <testcase classname="Day1.httpRequests" name="getuserlist" time="5.169"/>
  <system-out/>
  <testcase classname="Day1.httpRequests" name="createUser" time="1.145"/>
  <system-out/>
  <testcase classname="Day1.httpRequests" name="updateUser" time="0.532"/>
  <system-out/>
</testsuite> <!-- Day1.httpRequests -->
